2026-06-16T15:38:18: PM2 log: ===============================================================================
2026-06-16T15:38:18: PM2 log: --- New PM2 Daemon started ----------------------------------------------------
2026-06-16T15:38:18: PM2 log: Time                 : Tue Jun 16 2026 15:38:18 GMT+0800 (China Standard Time)
2026-06-16T15:38:18: PM2 log: PM2 version          : 7.0.1
2026-06-16T15:38:18: PM2 log: Node.js version      : 22.22.2
2026-06-16T15:38:18: PM2 log: Current arch         : x64
2026-06-16T15:38:18: PM2 log: PM2 home             : /home/ubuntu/.hermes/profiles/yuna/home/.pm2
2026-06-16T15:38:18: PM2 log: PM2 PID file         : /home/ubuntu/.hermes/profiles/yuna/home/.pm2/pm2.pid
2026-06-16T15:38:18: PM2 log: RPC socket file      : /home/ubuntu/.hermes/profiles/yuna/home/.pm2/rpc.sock
2026-06-16T15:38:18: PM2 log: BUS socket file      : /home/ubuntu/.hermes/profiles/yuna/home/.pm2/pub.sock
2026-06-16T15:38:18: PM2 log: Application log path : /home/ubuntu/.hermes/profiles/yuna/home/.pm2/logs
2026-06-16T15:38:18: PM2 log: Worker Interval      : 30000
2026-06-16T15:38:18: PM2 log: Process dump file    : /home/ubuntu/.hermes/profiles/yuna/home/.pm2/dump.pm2
2026-06-16T15:38:18: PM2 log: Concurrent actions   : 2
2026-06-16T15:38:18: PM2 log: SIGTERM timeout      : 1600
2026-06-16T15:38:18: PM2 log: Runtime Binary       : /usr/bin/node
2026-06-16T15:38:18: PM2 log: ===============================================================================
2026-06-16T19:55:31: PM2 log: ===============================================================================
2026-06-16T19:55:31: PM2 log: --- New PM2 Daemon started ----------------------------------------------------
2026-06-16T19:55:31: PM2 log: Time                 : Tue Jun 16 2026 19:55:31 GMT+0800 (China Standard Time)
2026-06-16T19:55:31: PM2 log: PM2 version          : 7.0.1
2026-06-16T19:55:31: PM2 log: Node.js version      : 22.22.2
2026-06-16T19:55:31: PM2 log: Current arch         : x64
2026-06-16T19:55:31: PM2 log: PM2 home             : /home/ubuntu/.hermes/profiles/yuna/home/.pm2
2026-06-16T19:55:31: PM2 log: PM2 PID file         : /home/ubuntu/.hermes/profiles/yuna/home/.pm2/pm2.pid
2026-06-16T19:55:31: PM2 log: RPC socket file      : /home/ubuntu/.hermes/profiles/yuna/home/.pm2/rpc.sock
2026-06-16T19:55:31: PM2 log: BUS socket file      : /home/ubuntu/.hermes/profiles/yuna/home/.pm2/pub.sock
2026-06-16T19:55:31: PM2 log: Application log path : /home/ubuntu/.hermes/profiles/yuna/home/.pm2/logs
2026-06-16T19:55:31: PM2 log: Worker Interval      : 30000
2026-06-16T19:55:31: PM2 log: Process dump file    : /home/ubuntu/.hermes/profiles/yuna/home/.pm2/dump.pm2
2026-06-16T19:55:31: PM2 log: Concurrent actions   : 2
2026-06-16T19:55:31: PM2 log: SIGTERM timeout      : 1600
2026-06-16T19:55:31: PM2 log: Runtime Binary       : /usr/bin/node
2026-06-16T19:55:31: PM2 log: ===============================================================================
2026-06-16T19:55:31: PM2 log: [PM2][WORKER] Registering a cron job on: 0
2026-06-16T19:55:31: PM2 log: App [dozero-auto:0] starting in -fork mode-
2026-06-16T19:55:31: PM2 log: App [dozero-auto:0] online
2026-06-16T19:55:31: PM2 log: App [dozero-auto:0] exited with code [0] via signal [SIGINT]
2026-06-16T19:56:01: PM2 log: App [dozero-auto:0] starting in -fork mode-
2026-06-16T19:56:01: PM2 log: App [dozero-auto:0] online
2026-06-16T19:56:02: PM2 log: App [dozero-auto:0] exited with code [0] via signal [SIGINT]
2026-06-16T19:56:32: PM2 log: App [dozero-auto:0] starting in -fork mode-
2026-06-16T19:56:32: PM2 log: App [dozero-auto:0] online
2026-06-16T19:56:32: PM2 log: App [dozero-auto:0] exited with code [0] via signal [SIGINT]
2026-06-16T19:57:02: PM2 log: App [dozero-auto:0] starting in -fork mode-
2026-06-16T19:57:02: PM2 log: App [dozero-auto:0] online
2026-06-16T19:57:03: PM2 log: App [dozero-auto:0] exited with code [0] via signal [SIGINT]
2026-06-16T19:57:33: PM2 log: App [dozero-auto:0] starting in -fork mode-
2026-06-16T19:57:33: PM2 log: App [dozero-auto:0] online
2026-06-16T19:57:34: PM2 log: App [dozero-auto:0] exited with code [0] via signal [SIGINT]
2026-06-16T19:58:04: PM2 log: App [dozero-auto:0] starting in -fork mode-
2026-06-16T19:58:04: PM2 log: App [dozero-auto:0] online
2026-06-16T19:58:04: PM2 log: App [dozero-auto:0] exited with code [0] via signal [SIGINT]
2026-06-16T19:58:34: PM2 log: App [dozero-auto:0] starting in -fork mode-
2026-06-16T19:58:34: PM2 log: App [dozero-auto:0] online
2026-06-16T19:58:35: PM2 log: App [dozero-auto:0] exited with code [0] via signal [SIGINT]
2026-06-16T19:59:05: PM2 log: App [dozero-auto:0] starting in -fork mode-
2026-06-16T19:59:05: PM2 log: App [dozero-auto:0] online
2026-06-16T19:59:06: PM2 log: App [dozero-auto:0] exited with code [0] via signal [SIGINT]
2026-06-16T19:59:36: PM2 log: App [dozero-auto:0] starting in -fork mode-
2026-06-16T19:59:36: PM2 log: App [dozero-auto:0] online
2026-06-16T19:59:36: PM2 log: App [dozero-auto:0] exited with code [0] via signal [SIGINT]
2026-06-16T20:00:00: PM2 log: [PM2] Deregistering a cron job on: 0
2026-06-16T20:00:00: PM2 error: Process with pid 1999122 already exists
2026-06-16T20:00:00: PM2 error: Error: Process with pid 1999122 already exists
    at God.logAndGenerateError (/usr/lib/node_modules/pm2/lib/God/Methods.js:39:12)
    at God.startProcessId (/usr/lib/node_modules/pm2/lib/God/ActionMethods.js:269:21)
    at God.restartProcessId (/usr/lib/node_modules/pm2/lib/God/ActionMethods.js:423:18)
    at Cron.fn (/usr/lib/node_modules/pm2/lib/Worker.js:38:11)
    at Timeout.<anonymous> (/usr/lib/node_modules/pm2/node_modules/croner/dist/croner.cjs:1014:11)
    at listOnTimeout (node:internal/timers:585:17)
    at process.processTimers (node:internal/timers:521:7)
2026-06-16T20:00:06: PM2 log: [PM2][WORKER] Registering a cron job on: 0
2026-06-16T20:00:06: PM2 log: App [dozero-auto:0] starting in -fork mode-
2026-06-16T20:00:06: PM2 log: App [dozero-auto:0] online
2026-06-16T20:00:07: PM2 log: App [dozero-auto:0] exited with code [0] via signal [SIGINT]
2026-06-16T20:00:37: PM2 log: App [dozero-auto:0] starting in -fork mode-
2026-06-16T20:00:37: PM2 log: App [dozero-auto:0] online
2026-06-16T20:00:38: PM2 log: App [dozero-auto:0] exited with code [0] via signal [SIGINT]
2026-06-16T20:01:08: PM2 log: App [dozero-auto:0] starting in -fork mode-
2026-06-16T20:01:08: PM2 log: App [dozero-auto:0] online
2026-06-16T20:01:08: PM2 log: App [dozero-auto:0] exited with code [0] via signal [SIGINT]
2026-06-16T20:01:38: PM2 log: App [dozero-auto:0] starting in -fork mode-
2026-06-16T20:01:38: PM2 log: App [dozero-auto:0] online
2026-06-16T20:01:39: PM2 log: App [dozero-auto:0] exited with code [0] via signal [SIGINT]
2026-06-16T20:02:09: PM2 log: App [dozero-auto:0] starting in -fork mode-
2026-06-16T20:02:09: PM2 log: App [dozero-auto:0] online
2026-06-16T20:02:09: PM2 log: App [dozero-auto:0] exited with code [0] via signal [SIGINT]
2026-06-16T20:02:39: PM2 log: App [dozero-auto:0] starting in -fork mode-
2026-06-16T20:02:39: PM2 log: App [dozero-auto:0] online
2026-06-16T20:02:40: PM2 log: App [dozero-auto:0] exited with code [0] via signal [SIGINT]
2026-06-16T20:03:10: PM2 log: App [dozero-auto:0] starting in -fork mode-
2026-06-16T20:03:10: PM2 log: App [dozero-auto:0] online
2026-06-16T20:03:10: PM2 log: App [dozero-auto:0] exited with code [0] via signal [SIGINT]
2026-06-16T20:03:40: PM2 log: App [dozero-auto:0] starting in -fork mode-
2026-06-16T20:03:40: PM2 log: App [dozero-auto:0] online
2026-06-16T20:03:41: PM2 log: App [dozero-auto:0] exited with code [0] via signal [SIGINT]
2026-06-16T20:04:11: PM2 log: App [dozero-auto:0] starting in -fork mode-
2026-06-16T20:04:11: PM2 log: App [dozero-auto:0] online
2026-06-16T20:04:12: PM2 log: App [dozero-auto:0] exited with code [0] via signal [SIGINT]
2026-06-16T20:04:42: PM2 log: App [dozero-auto:0] starting in -fork mode-
2026-06-16T20:04:42: PM2 log: App [dozero-auto:0] online
2026-06-16T20:04:42: PM2 log: App [dozero-auto:0] exited with code [0] via signal [SIGINT]
2026-06-16T20:05:12: PM2 log: App [dozero-auto:0] starting in -fork mode-
2026-06-16T20:05:12: PM2 log: App [dozero-auto:0] online
2026-06-16T20:05:13: PM2 log: App [dozero-auto:0] exited with code [0] via signal [SIGINT]
2026-06-16T20:05:43: PM2 log: App [dozero-auto:0] starting in -fork mode-
2026-06-16T20:05:43: PM2 log: App [dozero-auto:0] online
2026-06-16T20:05:43: PM2 log: App [dozero-auto:0] exited with code [0] via signal [SIGINT]
2026-06-16T22:53:31: PM2 log: ===============================================================================
2026-06-16T22:53:31: PM2 log: --- New PM2 Daemon started ----------------------------------------------------
2026-06-16T22:53:31: PM2 log: Time                 : Tue Jun 16 2026 22:53:31 GMT+0800 (China Standard Time)
2026-06-16T22:53:31: PM2 log: PM2 version          : 7.0.1
2026-06-16T22:53:31: PM2 log: Node.js version      : 22.22.2
2026-06-16T22:53:31: PM2 log: Current arch         : x64
2026-06-16T22:53:31: PM2 log: PM2 home             : /home/ubuntu/.hermes/profiles/yuna/home/.pm2
2026-06-16T22:53:31: PM2 log: PM2 PID file         : /home/ubuntu/.hermes/profiles/yuna/home/.pm2/pm2.pid
2026-06-16T22:53:31: PM2 log: RPC socket file      : /home/ubuntu/.hermes/profiles/yuna/home/.pm2/rpc.sock
2026-06-16T22:53:31: PM2 log: BUS socket file      : /home/ubuntu/.hermes/profiles/yuna/home/.pm2/pub.sock
2026-06-16T22:53:31: PM2 log: Application log path : /home/ubuntu/.hermes/profiles/yuna/home/.pm2/logs
2026-06-16T22:53:31: PM2 log: Worker Interval      : 30000
2026-06-16T22:53:31: PM2 log: Process dump file    : /home/ubuntu/.hermes/profiles/yuna/home/.pm2/dump.pm2
2026-06-16T22:53:31: PM2 log: Concurrent actions   : 2
2026-06-16T22:53:31: PM2 log: SIGTERM timeout      : 1600
2026-06-16T22:53:31: PM2 log: Runtime Binary       : /usr/bin/node
2026-06-16T22:53:31: PM2 log: ===============================================================================
2026-06-17T09:31:22: PM2 log: ===============================================================================
2026-06-17T09:31:22: PM2 log: --- New PM2 Daemon started ----------------------------------------------------
2026-06-17T09:31:22: PM2 log: Time                 : Wed Jun 17 2026 09:31:22 GMT+0800 (China Standard Time)
2026-06-17T09:31:22: PM2 log: PM2 version          : 7.0.1
2026-06-17T09:31:22: PM2 log: Node.js version      : 22.22.2
2026-06-17T09:31:22: PM2 log: Current arch         : x64
2026-06-17T09:31:22: PM2 log: PM2 home             : /home/ubuntu/.hermes/profiles/yuna/home/.pm2
2026-06-17T09:31:22: PM2 log: PM2 PID file         : /home/ubuntu/.hermes/profiles/yuna/home/.pm2/pm2.pid
2026-06-17T09:31:22: PM2 log: RPC socket file      : /home/ubuntu/.hermes/profiles/yuna/home/.pm2/rpc.sock
2026-06-17T09:31:22: PM2 log: BUS socket file      : /home/ubuntu/.hermes/profiles/yuna/home/.pm2/pub.sock
2026-06-17T09:31:22: PM2 log: Application log path : /home/ubuntu/.hermes/profiles/yuna/home/.pm2/logs
2026-06-17T09:31:22: PM2 log: Worker Interval      : 30000
2026-06-17T09:31:22: PM2 log: Process dump file    : /home/ubuntu/.hermes/profiles/yuna/home/.pm2/dump.pm2
2026-06-17T09:31:22: PM2 log: Concurrent actions   : 2
2026-06-17T09:31:22: PM2 log: SIGTERM timeout      : 1600
2026-06-17T09:31:22: PM2 log: Runtime Binary       : /usr/bin/node
2026-06-17T09:31:22: PM2 log: ===============================================================================
2026-06-22T15:37:15: PM2 log: ===============================================================================
2026-06-22T15:37:15: PM2 log: --- New PM2 Daemon started ----------------------------------------------------
2026-06-22T15:37:15: PM2 log: Time                 : Mon Jun 22 2026 15:37:15 GMT+0800 (China Standard Time)
2026-06-22T15:37:15: PM2 log: PM2 version          : 7.0.1
2026-06-22T15:37:15: PM2 log: Node.js version      : 22.22.2
2026-06-22T15:37:15: PM2 log: Current arch         : x64
2026-06-22T15:37:15: PM2 log: PM2 home             : /home/ubuntu/.hermes/profiles/yuna/home/.pm2
2026-06-22T15:37:15: PM2 log: PM2 PID file         : /home/ubuntu/.hermes/profiles/yuna/home/.pm2/pm2.pid
2026-06-22T15:37:15: PM2 log: RPC socket file      : /home/ubuntu/.hermes/profiles/yuna/home/.pm2/rpc.sock
2026-06-22T15:37:15: PM2 log: BUS socket file      : /home/ubuntu/.hermes/profiles/yuna/home/.pm2/pub.sock
2026-06-22T15:37:15: PM2 log: Application log path : /home/ubuntu/.hermes/profiles/yuna/home/.pm2/logs
2026-06-22T15:37:15: PM2 log: Worker Interval      : 30000
2026-06-22T15:37:15: PM2 log: Process dump file    : /home/ubuntu/.hermes/profiles/yuna/home/.pm2/dump.pm2
2026-06-22T15:37:15: PM2 log: Concurrent actions   : 2
2026-06-22T15:37:15: PM2 log: SIGTERM timeout      : 1600
2026-06-22T15:37:15: PM2 log: Runtime Binary       : /usr/bin/node
2026-06-22T15:37:15: PM2 log: ===============================================================================
